18-32-06 unable to create file in backup directory as file name does not exists already
No input was provided, script exiting. Please provide a name for the file to create
No input was provided, script exiting. Please provide a name for the file to create
18-35-22 Creating a file named myfile_2024-09-30.txt in backup directory
08-55-00 unable to create file in backup directory as file name does not exists already
08-55-14 unable to create file in backup directory as file name does not exists already
08-55-15 unable to create file in backup directory as file name does not exists already
08-56-04 unable to create file in backup directory as file name does not exists already
09-02-17 Creating a file named myfile_20241001.txt in backup directory
No input was provided, script exiting. Please provide a name for the file to create
09-04-42 unable to create file in backup directory as file name does not exists already
09-04-54 Creating a file named myfile_20241001.txt in backup directory
No input was provided, script exiting. Please provide a name for the file to create
09-09-18 unable to create file in backup directory as file name does not exists already
09-09-25 Creating a file named myfile_20241001.txt in backup directory
09-31-21 unable to create file test.txt in backup directory as file name does not exists already
09-31-21 Creating a file named myfile_20241001.txt in backup directory
09-31-21 unable to create file lime.xt in backup directory as file name does not exists already
No input was provided, script exiting. Please provide a name for the file to create
12-23-51 Creating a file named myfile_20241001.txt in backup directory
